<?xml version="1.0" encoding="UTF-8"?>
<testsuite name="com.pluralsight.security.TestReadWriteBytes" tests="3" skipped="0" failures="0" errors="0" timestamp="2020-03-22T08:13:09" hostname="kevins-mac-mini.lan" time="0.032">
  <properties/>
  <testcase name="testWriteBytes()" classname="com.pluralsight.security.TestReadWriteBytes" time="0.0"/>
  <testcase name="testReadBytes()" classname="com.pluralsight.security.TestReadWriteBytes" time="0.001"/>
  <testcase name="testWriteBytesEncoded()" classname="com.pluralsight.security.TestReadWriteBytes" time="0.031"/>
  <system-out><![CDATA[]]></system-out>
  <system-err><![CDATA[]]></system-err>
</testsuite>
