<?xml version="1.0" encoding="UTF-8"?>
<testsuite name="com.pluralsight.security.TestParseArgs" tests="3" skipped="0" failures="0" errors="0" timestamp="2020-03-22T08:13:09" hostname="kevins-mac-mini.lan" time="0.01">
  <properties/>
  <testcase name="testAllCorrectParamsRandomOrder()" classname="com.pluralsight.security.TestParseArgs" time="0.008"/>
  <testcase name="testDefaultValues()" classname="com.pluralsight.security.TestParseArgs" time="0.0"/>
  <testcase name="testAllCorrectParamsInOrder()" classname="com.pluralsight.security.TestParseArgs" time="0.001"/>
  <system-out><![CDATA[]]></system-out>
  <system-err><![CDATA[]]></system-err>
</testsuite>
