<?xml version="1.0" encoding="UTF-8"?>
<testsuite name="com.pluralsight.security.TestProperties" tests="1" skipped="0" failures="0" errors="0" timestamp="2020-04-12T07:23:33" hostname="kevins-mac-mini.lan" time="0.02">
  <properties/>
  <testcase name="testBytesToHash()" classname="com.pluralsight.security.TestProperties" time="0.02"/>
  <system-out><![CDATA[]]></system-out>
  <system-err><![CDATA[]]></system-err>
</testsuite>
