<?xml version="1.0" encoding="UTF-8"?>
<testsuite name="com.pluralsight.security.TestParseArgs" tests="3" skipped="0" failures="0" errors="0" timestamp="2020-04-12T07:23:33" hostname="kevins-mac-mini.lan" time="0.012">
  <properties/>
  <testcase name="testAllCorrectParamsRandomOrder()" classname="com.pluralsight.security.TestParseArgs" time="0.009"/>
  <testcase name="testDefaultValues()" classname="com.pluralsight.security.TestParseArgs" time="0.001"/>
  <testcase name="testAllCorrectParamsInOrder()" classname="com.pluralsight.security.TestParseArgs" time="0.001"/>
  <system-out><![CDATA[]]></system-out>
  <system-err><![CDATA[]]></system-err>
</testsuite>
