<?xml version="1.0" encoding="UTF-8"?>
<testsuite name="com.pluralsight.security.TestResizeArray" tests="1" skipped="0" failures="0" errors="0" timestamp="2020-04-12T07:23:33" hostname="kevins-mac-mini.lan" time="0.0">
  <properties/>
  <testcase name="testArrayResize()" classname="com.pluralsight.security.TestResizeArray" time="0.0"/>
  <system-out><![CDATA[]]></system-out>
  <system-err><![CDATA[]]></system-err>
</testsuite>
